<?xml version="1.0" encoding="UTF-8"?>
<!-- Generated by org.testng.reporters.JUnitReportReporter -->
<testsuite skipped="0" hostname="LAPTOP-GFL79O7B" name="tests.EmailFriendTest" tests="4" failures="0" timestamp="2019-11-12T19:12:22 MST" time="13.671" errors="0">
  <testcase name="userRegitsersSuccessfully" time="6.101" classname="tests.EmailFriendTest"/>
  <testcase name="userSelectsProductByAutocomplete" time="4.135" classname="tests.EmailFriendTest"/>
  <testcase name="RegisteredUserSendsProductToFriend" time="2.596" classname="tests.EmailFriendTest"/>
  <testcase name="userLogout" time="0.839" classname="tests.EmailFriendTest"/>
</testsuite> <!-- tests.EmailFriendTest -->
